Command line:
   TOP_tb_isim_beh.exe
     -simmode  gui
     -simrunnum  0
     -socket  57331

Fri Jan 20 11:52:59 2017


 Elaboration Time: 0.21875 sec

 Current Memory Usage: 1341.11 Meg

 Total Signals          : 105
 Total Nets             : 92
 Total Signal Drivers   : 46
 Total Blocks           : 15
 Total Primitive Blocks : 12
 Total Processes        : 29
 Total Traceable Variables  : 22
 Total Scalar Nets and Variables : 600
Total Line Count : 141
Total Line Count : 141
Total Line Count : 141

 Total Simulation Time: 47.6563 sec

 Current Memory Usage: 711.934 Meg

Fri Jan 20 11:55:42 2017

